<?xml version="1.0" encoding="UTF-8"?>
<!-- Generated by org.testng.reporters.JUnitReportReporter -->
<testsuite hostname="LTIN679147" failures="0" tests="2" name="testNg.TestExample" time="2.595" errors="0" timestamp="2025-10-16T09:41:50 IST" skipped="0">
  <testcase classname="testNg.TestExample" name="checkPage" time="0.006"/>
  <testcase classname="testNg.TestExample" name="loginPage" time="2.589"/>
</testsuite> <!-- testNg.TestExample -->
