<?xml version="1.0" encoding="UTF-8"?>
<!-- Generated by org.testng.reporters.JUnitReportReporter -->
<testsuite hostname="LTIN679147" failures="0" tests="1" name="testNg.AppTest" time="0.004" errors="0" timestamp="2025-10-16T09:41:50 IST" skipped="0">
  <testcase classname="testNg.AppTest" name="testApp" time="0.004"/>
</testsuite> <!-- testNg.AppTest -->
